2022-05-22 14:07:39,644 INFO notifyConnectTimeout:200

2022-05-22 14:07:39,646 INFO notifySocketTimeout:8000

2022-05-22 14:07:39,646 INFO isHealthCheck:true

2022-05-22 14:07:39,646 INFO maxHealthCheckFailCount:12

2022-05-22 14:07:39,646 INFO maxContent:10485760

2022-05-22 14:07:39,647 INFO spring.datasource.platform:mysql

2022-05-22 14:07:40,539 INFO ServerListService address-server port:8848

2022-05-22 14:07:40,539 INFO ADDRESS_SERVER_URL:http://jmenv.tbsite.net:8080/nacos/serverlist

2022-05-22 14:07:40,540 WARN [serverlist] updated to [192.168.179.1]

2022-05-22 14:07:40,608 WARN DumpService start

2022-05-22 14:07:40,610 INFO start clear all config-info.

2022-05-22 14:07:40,618 INFO clear all config-info success.

2022-05-22 14:07:40,618 WARN clear all config-info-tenant failed.

2022-05-22 14:07:40,671 INFO [all-dump] 1 / 1

2022-05-22 14:07:40,671 INFO start clear all config-info-beta.

2022-05-22 14:07:40,671 WARN clear all config-info-beta failed.

2022-05-22 14:07:40,671 WARN clear all config-info-beta-tenant failed.

2022-05-22 14:07:40,673 INFO start clear all config-info-tag.

2022-05-22 14:07:40,673 WARN clear all config-info-tag failed.

2022-05-22 14:07:40,673 WARN clear all config-info-tag-tenant failed.

