2022-05-22 14:08:10,696 INFO PERFORMANCE:|1|1|-1|-1

2022-05-22 14:13:10,705 INFO PERFORMANCE:|1|1|-1|-1

2022-05-22 14:18:10,707 INFO PERFORMANCE:|1|1|-1|-1

2022-05-22 14:23:10,719 INFO PERFORMANCE:|1|1|-1|-1

2022-05-22 14:28:10,733 INFO PERFORMANCE:|1|1|-1|-1

2022-05-22 14:33:10,736 INFO PERFORMANCE:|1|1|-1|-1

2022-05-22 14:38:10,751 INFO PERFORMANCE:|1|1|-1|-1

2022-05-22 14:43:10,760 INFO PERFORMANCE:|1|1|-1|-1

2022-05-22 14:48:10,772 INFO PERFORMANCE:|1|1|-1|-1

2022-05-22 14:53:10,777 INFO PERFORMANCE:|4|4|-1|-1

2022-05-22 14:58:10,791 INFO PERFORMANCE:|4|4|-1|-1

2022-05-22 15:03:10,796 INFO PERFORMANCE:|4|4|-1|-1

2022-05-22 15:08:10,801 INFO PERFORMANCE:|4|4|-1|-1

2022-05-22 15:13:10,816 INFO PERFORMANCE:|4|4|-1|-1

2022-05-22 15:18:10,816 INFO PERFORMANCE:|4|4|-1|-1

2022-05-22 15:23:10,821 INFO PERFORMANCE:|4|4|-1|-1

2022-05-22 15:28:10,836 INFO PERFORMANCE:|4|4|-1|-1

2022-05-22 15:33:10,837 INFO PERFORMANCE:|4|4|-1|-1

2022-05-22 15:38:10,844 INFO PERFORMANCE:|4|4|-1|-1

2022-05-22 15:43:10,857 INFO PERFORMANCE:|4|4|-1|-1

2022-05-22 15:48:10,857 INFO PERFORMANCE:|4|4|-1|-1

2022-05-22 15:53:10,860 INFO PERFORMANCE:|4|4|-1|-1

2022-05-22 15:58:10,872 INFO PERFORMANCE:|4|4|-1|-1

2022-05-22 16:03:10,875 INFO PERFORMANCE:|4|4|-1|-1

2022-05-22 16:08:10,886 INFO PERFORMANCE:|4|4|-1|-1

2022-05-22 16:13:10,886 INFO PERFORMANCE:|4|1|-1|-1

2022-05-22 16:18:10,901 INFO PERFORMANCE:|4|4|-1|-1

2022-05-22 16:23:10,912 INFO PERFORMANCE:|4|4|-1|-1

2022-05-22 16:28:10,927 INFO PERFORMANCE:|4|1|-1|-1

2022-05-22 16:33:10,930 INFO PERFORMANCE:|4|1|-1|-1

2022-05-22 16:38:10,930 INFO PERFORMANCE:|4|1|-1|-1

2022-05-22 16:43:10,933 INFO PERFORMANCE:|4|4|-1|-1

2022-05-22 16:48:10,940 INFO PERFORMANCE:|4|3|-1|-1

2022-05-22 16:53:10,950 INFO PERFORMANCE:|4|4|-1|-1

2022-05-22 16:58:10,960 INFO PERFORMANCE:|4|4|-1|-1

2022-05-22 17:03:10,960 INFO PERFORMANCE:|4|3|-1|-1

2022-05-22 17:08:10,965 INFO PERFORMANCE:|4|3|-1|-1

2022-05-22 17:13:10,979 INFO PERFORMANCE:|4|3|-1|-1

2022-05-22 17:18:10,989 INFO PERFORMANCE:|4|4|-1|-1

2022-05-22 17:23:10,998 INFO PERFORMANCE:|4|4|-1|-1

2022-05-22 17:28:11,007 INFO PERFORMANCE:|4|4|-1|-1

2022-05-22 17:33:11,008 INFO PERFORMANCE:|4|4|-1|-1

2022-05-22 17:38:11,009 INFO PERFORMANCE:|4|4|-1|-1

2022-05-22 17:43:11,025 INFO PERFORMANCE:|4|4|-1|-1

2022-05-22 17:48:11,033 INFO PERFORMANCE:|4|4|-1|-1

2022-05-22 17:53:11,036 INFO PERFORMANCE:|4|4|-1|-1

2022-05-22 17:58:11,038 INFO PERFORMANCE:|4|4|-1|-1

2022-05-22 18:03:11,039 INFO PERFORMANCE:|4|4|-1|-1

2022-05-22 18:08:11,055 INFO PERFORMANCE:|4|4|-1|-1

2022-05-22 18:13:11,070 INFO PERFORMANCE:|4|4|-1|-1

2022-05-22 18:18:11,082 INFO PERFORMANCE:|4|4|-1|-1

2022-05-22 18:23:11,089 INFO PERFORMANCE:|4|4|-1|-1

2022-05-22 18:28:11,091 INFO PERFORMANCE:|4|4|-1|-1

2022-05-22 18:33:11,098 INFO PERFORMANCE:|4|4|-1|-1

2022-05-22 18:38:11,109 INFO PERFORMANCE:|4|4|-1|-1

2022-05-22 18:43:11,115 INFO PERFORMANCE:|4|4|-1|-1

2022-05-22 18:48:11,126 INFO PERFORMANCE:|4|4|-1|-1

2022-05-22 18:53:11,128 INFO PERFORMANCE:|4|4|-1|-1

2022-05-22 18:58:11,133 INFO PERFORMANCE:|4|4|-1|-1

2022-05-22 19:03:11,148 INFO PERFORMANCE:|4|4|-1|-1

2022-05-22 19:08:11,153 INFO PERFORMANCE:|4|4|-1|-1

2022-05-22 19:13:11,167 INFO PERFORMANCE:|4|4|-1|-1

2022-05-22 19:18:11,171 INFO PERFORMANCE:|4|4|-1|-1

2022-05-22 19:23:11,178 INFO PERFORMANCE:|4|4|-1|-1

2022-05-22 19:28:11,192 INFO PERFORMANCE:|4|4|-1|-1

2022-05-22 19:33:11,199 INFO PERFORMANCE:|4|4|-1|-1

2022-05-22 19:38:11,200 INFO PERFORMANCE:|4|1|-1|-1

2022-05-22 19:43:11,204 INFO PERFORMANCE:|4|3|-1|-1

2022-05-22 19:48:11,215 INFO PERFORMANCE:|4|3|-1|-1

2022-05-22 19:53:11,219 INFO PERFORMANCE:|4|3|-1|-1

2022-05-22 19:58:11,220 INFO PERFORMANCE:|4|1|-1|-1

